<?xml version="1.0" encoding="utf-8"?><testsuites name="pytest tests"><testsuite name="pytest" errors="0" failures="0" skipped="0" tests="18" time="4.830" timestamp="2026-01-27T09:02:26.010509+00:00" hostname="agent-env-9d61b8e3-0b35-4292-9bd5-26460fe8b492"><testcase classname="tests.test_drivers_crud.TestDriverCRUD" name="test_01_create_driver" time="0.418" /><testcase classname="tests.test_drivers_crud.TestDriverCRUD" name="test_02_get_all_drivers" time="0.315" /><testcase classname="tests.test_drivers_crud.TestDriverCRUD" name="test_03_get_single_driver" time="0.339" /><testcase classname="tests.test_drivers_crud.TestDriverCRUD" name="test_04_get_nonexistent_driver" time="0.269" /><testcase classname="tests.test_drivers_crud.TestDriverCRUD" name="test_05_update_driver" time="0.341" /><testcase classname="tests.test_drivers_crud.TestDriverCRUD" name="test_06_update_nonexistent_driver" time="0.276" /><testcase classname="tests.test_drivers_crud.TestDriverCRUD" name="test_07_update_empty_data" time="0.297" /><testcase classname="tests.test_drivers_crud.TestDriverCRUD" name="test_08_delete_driver" time="0.332" /><testcase classname="tests.test_drivers_crud.TestDriverCRUD" name="test_09_delete_nonexistent_driver" time="0.275" /><testcase classname="tests.test_drivers_crud.TestDriverCRUD" name="test_10_create_driver_with_vendor" time="0.300" /><testcase classname="tests.test_drivers_crud.TestDriverCRUD" name="test_11_filter_drivers_by_vendor" time="0.365" /><testcase classname="tests.test_drivers_crud.TestDriverCRUD" name="test_12_create_driver_validation" time="0.284" /><testcase classname="tests.test_drivers_crud.TestDriverLicenseExpiry" name="test_create_driver_with_expired_license" time="0.328" /><testcase classname="tests.test_drivers_crud.TestDriverLicenseExpiry" name="test_create_driver_with_expiring_soon_license" time="0.360" /><testcase classname="tests.test_drivers_crud.TestAuthRequired" name="test_get_drivers_without_auth" time="0.036" /><testcase classname="tests.test_drivers_crud.TestAuthRequired" name="test_create_driver_without_auth" time="0.040" /><testcase classname="tests.test_drivers_crud.TestAuthRequired" name="test_update_driver_without_auth" time="0.036" /><testcase classname="tests.test_drivers_crud.TestAuthRequired" name="test_delete_driver_without_auth" time="0.036" /></testsuite></testsuites>