<?xml version="1.0" encoding="utf-8"?><testsuites name="pytest tests"><testsuite name="pytest" errors="0" failures="0" skipped="0" tests="13" time="25.201" timestamp="2026-01-05T12:21:59.391677+00:00" hostname="agent-env-2cda3ddf-ff68-49c8-9946-0881112aaaef"><testcase classname="tests.test_batch5_apis.TestBatch5APIs" name="test_kb_stats_endpoint" time="0.344" /><testcase classname="tests.test_batch5_apis.TestBatch5APIs" name="test_kb_sources_endpoint" time="0.340" /><testcase classname="tests.test_batch5_apis.TestBatch5APIs" name="test_kb_search_endpoint" time="0.302" /><testcase classname="tests.test_batch5_apis.TestBatch5APIs" name="test_chat_sessions_endpoint" time="0.301" /><testcase classname="tests.test_batch5_apis.TestBatch5APIs" name="test_chat_create_session" time="0.350" /><testcase classname="tests.test_batch5_apis.TestBatch5APIs" name="test_chat_ask_endpoint" time="12.649" /><testcase classname="tests.test_batch5_apis.TestBatch5APIs" name="test_ml_stats_endpoint" time="0.299" /><testcase classname="tests.test_batch5_apis.TestBatch5APIs" name="test_ml_event_labels_endpoint" time="0.304" /><testcase classname="tests.test_batch5_apis.TestBatch5APIs" name="test_ml_extract_features_endpoint" time="0.299" /><testcase classname="tests.test_batch5_apis.TestBatch5APIs" name="test_ml_predict_without_model" time="0.337" /><testcase classname="tests.test_batch5_apis.TestBatch5APIs" name="test_ml_train_insufficient_examples" time="0.344" /><testcase classname="tests.test_batch5_apis.TestBatch5Integration" name="test_chat_flow_creates_session" time="8.908" /><testcase classname="tests.test_batch5_apis.TestBatch5Integration" name="test_ml_training_example_flow" time="0.381" /></testsuite></testsuites>