<?xml version="1.0" encoding="utf-8"?><testsuites name="pytest tests"><testsuite name="pytest" errors="0" failures="0" skipped="0" tests="24" time="4.321" timestamp="2026-01-05T11:10:26.340640+00:00" hostname="agent-env-0010c730-3ed6-469b-b350-f159aa7fa321"><testcase classname="tests.test_batch3_apis.TestHealthAndRegression" name="test_health_endpoint" time="0.075" /><testcase classname="tests.test_batch3_apis.TestHealthAndRegression" name="test_chart_bundle" time="0.442" /><testcase classname="tests.test_batch3_apis.TestHealthAndRegression" name="test_dashas" time="0.256" /><testcase classname="tests.test_batch3_apis.TestAshtakavarga" name="test_bav_endpoint" time="0.376" /><testcase classname="tests.test_batch3_apis.TestAshtakavarga" name="test_sav_endpoint" time="0.038" /><testcase classname="tests.test_batch3_apis.TestAshtakavarga" name="test_ashtakavarga_summary" time="0.039" /><testcase classname="tests.test_batch3_apis.TestYogas" name="test_yogas_endpoint" time="0.369" /><testcase classname="tests.test_batch3_apis.TestYogas" name="test_yoga_categories" time="0.039" /><testcase classname="tests.test_batch3_apis.TestYogas" name="test_yogas_filter_by_category" time="0.075" /><testcase classname="tests.test_batch3_apis.TestStrength" name="test_shadbala_endpoint" time="0.415" /><testcase classname="tests.test_batch3_apis.TestStrength" name="test_strength_summary" time="0.039" /><testcase classname="tests.test_batch3_apis.TestVarshaphala" name="test_varshaphala_endpoint" time="0.376" /><testcase classname="tests.test_batch3_apis.TestVarshaphala" name="test_muntha_endpoint" time="0.037" /><testcase classname="tests.test_batch3_apis.TestVarshaphala" name="test_varshaphala_predictions" time="0.041" /><testcase classname="tests.test_batch3_apis.TestCompatibility" name="test_manglik_status" time="0.455" /><testcase classname="tests.test_batch3_apis.TestCompatibility" name="test_compatibility_between_profiles" time="0.078" /><testcase classname="tests.test_batch3_apis.TestCompatibility" name="test_compatibility_total_score" time="0.076" /><testcase classname="tests.test_batch3_apis.TestRemedies" name="test_remedies_endpoint" time="0.413" /><testcase classname="tests.test_batch3_apis.TestRemedies" name="test_quick_remedies" time="0.036" /><testcase classname="tests.test_batch3_apis.TestRemedies" name="test_gemstone_recommendations" time="0.038" /><testcase classname="tests.test_batch3_apis.TestRemedies" name="test_mantra_recommendations" time="0.041" /><testcase classname="tests.test_batch3_apis.TestEdgeCases" name="test_invalid_profile_id" time="0.331" /><testcase classname="tests.test_batch3_apis.TestEdgeCases" name="test_unauthorized_access" time="0.034" /><testcase classname="tests.test_batch3_apis.TestEdgeCases" name="test_invalid_year_varshaphala" time="0.130" /></testsuite></testsuites>